<?xml version="1.0" encoding="UTF-8" ?>
<testsuite tests="4" failures="0" name="core.basesyntax.WorkWithFileTest" time="0.035" errors="0" skipped="0">
  <properties>
[...]
</properties>
  <testcase classname="core.basesyntax.WorkWithFileTest" name="getStatisticAboutApple" time="0.026"/>
  <testcase classname="core.basesyntax.WorkWithFileTest" name="getStatisticAboutGrape" time="0.002"/>
  <testcase classname="core.basesyntax.WorkWithFileTest" name="getStatisticAboutBanana" time="0.004"/>
  <testcase classname="core.basesyntax.WorkWithFileTest" name="getStatisticAboutOrange" time="0.003"/>
</testsuite>